SF:lib/main.dart
DA:14,0
DA:15,0
DA:16,0
DA:23,1
DA:25,2
DA:27,1
DA:32,1
DA:33,4
DA:39,2
DA:41,1
DA:43,2
DA:44,2
DA:45,1
DA:58,2
LF:14
LH:11
end_of_record
SF:lib/presentation/cat_detail/screen/cat_detail_screen.dart
DA:11,1
DA:16,1
DA:18,1
DA:19,1
DA:21,1
DA:22,2
DA:23,1
DA:28,1
DA:29,1
DA:30,1
DA:31,1
DA:32,1
DA:37,1
DA:38,1
DA:40,1
DA:41,1
DA:42,1
DA:43,1
DA:44,2
DA:45,1
DA:50,1
DA:51,1
DA:52,1
DA:53,3
DA:54,1
DA:56,1
DA:57,1
DA:58,2
DA:59,1
DA:64,1
DA:65,1
DA:66,1
DA:67,3
DA:68,1
DA:70,1
DA:71,1
DA:72,3
DA:73,1
DA:78,1
DA:79,1
DA:80,1
DA:81,3
DA:82,1
DA:84,1
DA:85,1
DA:86,3
DA:87,1
DA:92,1
DA:93,1
DA:94,1
DA:95,3
DA:96,1
DA:98,1
DA:99,1
DA:100,3
DA:101,1
DA:106,1
DA:107,1
DA:108,1
DA:109,3
DA:110,1
DA:112,1
DA:113,1
DA:114,3
DA:115,1
DA:120,1
DA:121,1
DA:122,1
DA:123,3
DA:124,1
DA:126,1
DA:127,1
DA:128,2
DA:129,1
LF:74
LH:74
end_of_record
SF:lib/presentation/home/provider/home_provider.g.dart
DA:9,1
DA:13,3
DA:23,1
DA:27,3
DA:37,1
DA:41,3
DA:52,1
DA:56,3
DA:66,1
DA:70,0
DA:72,1
DA:74,2
DA:76,4
DA:77,2
DA:80,1
DA:82,4
DA:84,2
DA:85,4
DA:96,1
DA:99,1
DA:102,1
DA:107,0
DA:111,0
DA:112,0
DA:118,0
DA:123,0
DA:127,0
DA:134,1
DA:136,1
DA:137,2
DA:152,1
DA:160,1
DA:164,0
DA:168,0
DA:170,0
DA:171,0
DA:172,0
DA:177,0
DA:182,1
DA:184,1
DA:187,1
DA:189,1
DA:190,3
DA:193,1
DA:195,3
DA:196,3
DA:198,1
DA:209,1
DA:211,0
DA:212,0
DA:215,1
DA:219,3
LF:52
LH:37
end_of_record
SF:lib/presentation/home/provider/home_provider.dart
DA:12,1
DA:14,2
DA:18,1
DA:20,1
DA:24,1
DA:26,1
DA:31,1
DA:33,2
DA:34,2
DA:35,2
DA:36,1
DA:37,1
DA:43,1
DA:46,1
DA:47,2
DA:52,1
DA:54,2
DA:55,3
DA:56,1
LF:19
LH:19
end_of_record
SF:lib/presentation/home/screen/home_screen.dart
DA:14,1
DA:18,1
DA:20,2
DA:21,2
DA:22,1
DA:23,1
DA:25,1
DA:27,1
DA:31,1
DA:32,1
DA:34,1
DA:35,1
DA:37,1
DA:39,1
DA:40,5
DA:51,1
DA:54,2
DA:55,2
DA:56,2
DA:57,1
DA:58,4
DA:64,1
DA:65,1
DA:66,2
DA:67,1
DA:69,1
DA:70,1
DA:72,1
DA:73,2
DA:74,4
DA:79,1
DA:82,1
DA:83,2
DA:84,1
DA:86,1
DA:88,1
DA:89,1
DA:90,1
DA:92,1
DA:93,1
DA:99,1
DA:102,0
DA:103,0
DA:104,0
LF:44
LH:41
end_of_record
SF:lib/presentation/home/widget/cat_item_widget.dart
DA:13,1
DA:20,1
DA:22,2
DA:23,4
DA:24,1
DA:26,1
DA:27,1
DA:29,1
DA:30,1
DA:31,1
DA:33,1
DA:35,1
DA:36,1
DA:37,2
DA:38,1
DA:42,1
DA:44,1
DA:45,2
DA:47,1
DA:50,1
DA:52,1
DA:54,1
DA:55,1
DA:56,2
DA:57,1
DA:68,1
DA:69,1
DA:70,2
DA:71,2
DA:72,1
DA:74,1
DA:75,1
DA:80,1
DA:81,1
DA:82,2
DA:83,0
DA:86,0
DA:87,0
DA:89,1
DA:91,1
DA:92,1
DA:95,0
DA:98,0
DA:99,0
DA:101,3
DA:102,1
DA:103,1
DA:105,2
DA:106,2
DA:107,1
DA:120,0
DA:121,0
DA:124,0
DA:125,0
DA:129,1
DA:132,3
DA:133,3
DA:143,1
DA:152,1
DA:154,1
DA:156,1
DA:157,1
DA:158,1
DA:163,1
DA:164,2
DA:165,1
DA:171,1
DA:172,1
DA:178,1
DA:179,3
DA:180,1
LF:71
LH:61
end_of_record
SF:lib/utils/widget/no_record_found/no_record_found.dart
DA:7,1
DA:16,1
DA:18,1
DA:19,1
DA:23,1
DA:24,2
DA:25,1
DA:27,1
DA:28,1
DA:30,1
DA:37,1
DA:38,1
DA:39,2
DA:40,1
LF:14
LH:14
end_of_record
SF:lib/config/router/app_router.g.dart
DA:9,1
DA:13,3
LF:2
LH:2
end_of_record
SF:lib/config/router/app_router.dart
DA:10,1
DA:12,2
DA:13,1
DA:15,1
DA:17,1
DA:19,2
DA:20,1
LF:7
LH:7
end_of_record
SF:lib/domain/cat/model/cat.dart
DA:42,1
DA:84,2
DA:85,2
DA:86,1
DA:87,1
DA:88,1
DA:89,1
DA:90,1
DA:91,1
DA:92,1
DA:93,1
DA:94,1
DA:95,1
DA:96,1
DA:97,1
DA:98,1
DA:99,1
DA:100,1
DA:101,1
DA:102,1
DA:103,1
DA:104,1
DA:105,1
DA:106,1
DA:107,1
DA:108,1
DA:109,1
DA:110,1
DA:111,1
DA:112,1
DA:113,1
DA:114,1
DA:115,1
DA:116,1
DA:117,1
DA:118,1
DA:119,1
DA:120,1
DA:121,1
DA:122,1
DA:123,1
DA:131,1
DA:136,2
DA:137,1
DA:138,1
LF:45
LH:45
end_of_record
SF:lib/config/theme/theme.dart
DA:10,1
DA:13,2
DA:15,1
LF:3
LH:3
end_of_record
SF:lib/config/theme/theme_provider.dart
DA:12,1
DA:14,1
DA:18,1
DA:20,1
DA:25,2
DA:27,2
DA:28,2
DA:31,1
DA:32,2
DA:33,3
LF:10
LH:10
end_of_record
SF:lib/config/theme/theme_provider.g.dart
DA:9,1
DA:13,3
LF:2
LH:2
end_of_record
SF:lib/domain/cat/model/cat_image.dart
DA:5,1
DA:10,2
DA:11,1
DA:12,1
LF:4
LH:4
end_of_record
SF:lib/domain/cat/service/cat_service.dart
DA:8,1
DA:12,1
DA:13,2
DA:16,1
DA:17,2
DA:20,1
DA:21,2
LF:7
LH:7
end_of_record
SF:lib/infrastructure/repository/cat_repository/cat_repository_http.dart
DA:14,1
DA:17,1
DA:19,3
DA:20,1
DA:21,1
DA:22,1
DA:24,1
DA:28,1
DA:29,2
DA:30,2
DA:31,1
DA:32,3
DA:37,0
DA:42,1
DA:45,4
DA:46,1
DA:47,1
DA:48,1
DA:50,1
DA:54,1
DA:55,2
DA:56,2
DA:57,1
DA:61,0
DA:66,1
DA:68,1
DA:70,3
DA:73,1
DA:74,1
DA:75,1
DA:77,1
DA:81,1
DA:82,2
DA:83,2
DA:84,1
DA:85,3
DA:90,0
LF:37
LH:34
end_of_record
SF:lib/utils/api/api.dart
DA:17,1
DA:19,1
DA:21,1
DA:23,1
LF:4
LH:4
end_of_record
SF:lib/presentation/cat_detail/widget/cat_detail_widget.dart
DA:11,1
DA:18,1
DA:20,2
DA:21,4
DA:22,1
DA:23,1
DA:24,2
DA:25,0
DA:28,0
DA:29,0
DA:31,1
DA:33,1
DA:34,0
DA:37,0
DA:40,0
DA:41,0
DA:43,3
DA:44,1
DA:45,1
DA:47,2
DA:49,0
DA:62,0
DA:63,0
DA:66,0
DA:67,0
DA:71,0
DA:74,0
DA:75,0
DA:79,1
DA:81,5
DA:82,1
DA:83,2
DA:85,1
DA:87,1
DA:89,1
DA:90,1
DA:92,1
DA:93,2
DA:94,1
LF:39
LH:24
end_of_record
SF:lib/utils/style/custom_text_styles.dart
DA:5,1
DA:7,1
DA:15,1
DA:17,1
DA:25,1
DA:27,1
DA:35,1
DA:37,1
DA:46,1
DA:48,1
LF:10
LH:10
end_of_record
SF:lib/utils/widget/custom_page/custom_page.dart
DA:4,1
DA:13,1
DA:15,1
DA:16,1
DA:18,0
DA:19,1
DA:20,1
DA:21,1
DA:22,1
DA:23,1
DA:24,1
LF:11
LH:10
end_of_record
SF:lib/utils/widget/custom_search_text/custom_search_text.dart
DA:17,1
DA:31,1
DA:32,1
DA:36,1
DA:38,1
DA:40,4
DA:41,1
DA:42,2
DA:43,2
DA:44,1
DA:45,4
DA:47,1
DA:49,2
DA:50,2
DA:51,2
DA:52,1
DA:54,3
DA:55,3
DA:57,3
DA:58,1
DA:59,4
DA:61,1
DA:62,2
DA:63,4
DA:64,1
DA:66,1
DA:67,2
DA:68,3
DA:69,6
LF:29
LH:29
end_of_record
